Using pre-set license
Built from '2020.3/staging' branch; Version is '2020.3.24f1 (79c78de19888) revision 7980941'; Using compiler version '192528614'; Build Type 'Release'
OS: 'Windows 10  (10.0.19042) 64bit Core' Language: 'ko' Physical Memory: 8174 MB
BatchMode: 1, IsHumanControllingUs: 0, StartBugReporterOnCrash: 0, Is64bit: 1, IsPro: 0

COMMAND LINE ARGUMENTS:
C:\Program Files\Unity\Hub\Editor\2020.3.24f1\Editor\Unity.exe
-adb2
-batchMode
-noUpm
-name
AssetImportWorker0
-projectPath
D:/Unity/Uni_Run2/Uni_Run2
-logFile
Logs/AssetImportWorker0.log
-srvPort
54028
Successfully changed project path to: D:/Unity/Uni_Run2/Uni_Run2
D:/Unity/Uni_Run2/Uni_Run2
Using Asset Import Pipeline V2.
Refreshing native plugins compatible for Editor in 728.28 ms, found 2 plugins.
Preloading 0 native plugins for Editor in 0.00 ms.
Initialize engine version: 2020.3.24f1 (79c78de19888)
[Subsystems] Discovering subsystems at path C:/Program Files/Unity/Hub/Editor/2020.3.24f1/Editor/Data/Resources/UnitySubsystems
[Subsystems] Discovering subsystems at path D:/Unity/Uni_Run2/Uni_Run2/Assets
GfxDevice: creating device client; threaded=0
Direct3D:
    Version:  Direct3D 11.0 [level 11.1]
    Renderer: NVIDIA GeForce GTX 1050 Ti (ID=0x1c82)
    Vendor:   
    VRAM:     4018 MB
    Driver:   27.21.14.5671
Initialize mono
Mono path[0] = 'C:/Program Files/Unity/Hub/Editor/2020.3.24f1/Editor/Data/Managed'
Mono path[1] = 'C:/Program Files/Unity/Hub/Editor/2020.3.24f1/Editor/Data/MonoBleedingEdge/lib/mono/unityjit'
Mono config path = 'C:/Program Files/Unity/Hub/Editor/2020.3.24f1/Editor/Data/MonoBleedingEdge/etc'
Using monoOptions --debugger-agent=transport=dt_socket,embedding=1,server=y,suspend=n,address=127.0.0.1:56948
Begin MonoManager ReloadAssembly
Registering precompiled unity dll's ...
Register platform support module: C:/Program Files/Unity/Hub/Editor/2020.3.24f1/Editor/Data/PlaybackEngines/WebGLSupport/UnityEditor.WebGL.Extensions.dll
Register platform support module: C:/Program Files/Unity/Hub/Editor/2020.3.24f1/Editor/Data/PlaybackEngines/WindowsStandaloneSupport/UnityEditor.WindowsStandalone.Extensions.dll
Registered in 0.016838 seconds.
Native extension for WindowsStandalone target not found
Native extension for WebGL target not found
Refreshing native plugins compatible for Editor in 74.08 ms, found 2 plugins.
Preloading 0 native plugins for Editor in 0.00 ms.
Mono: successfully reloaded assembly
- Completed reload, in  1.812 seconds
Domain Reload Profiling:
	ReloadAssembly (1812ms)
		BeginReloadAssembly (339ms)
			ExecutionOrderSort (0ms)
			DisableScriptedObjects (0ms)
			BackupInstance (0ms)
			ReleaseScriptingObjects (0ms)
			CreateAndSetChildDomain (2ms)
		EndReloadAssembly (971ms)
			LoadAssemblies (325ms)
			RebuildTransferFunctionScriptingTraits (0ms)
			SetupTypeCache (471ms)
			ReleaseScriptCaches (0ms)
			RebuildScriptCaches (48ms)
			SetupLoadedEditorAssemblies (266ms)
				LogAssemblyErrors (0ms)
				InitializePlatformSupportModulesInManaged (9ms)
				SetLoadedEditorAssemblies (0ms)
				RefreshPlugins (74ms)
				BeforeProcessingInitializeOnLoad (23ms)
				ProcessInitializeOnLoadAttributes (118ms)
				ProcessInitializeOnLoadMethodAttributes (41ms)
				AfterProcessingInitializeOnLoad (0ms)
				EditorAssembliesLoaded (0ms)
			ExecutionOrderSort2 (0ms)
			AwakeInstancesAfterBackupRestoration (0ms)
Platform modules already initialized, skipping
Registering precompiled user dll's ...
Registered in 0.008101 seconds.
Begin MonoManager ReloadAssembly
Native extension for WindowsStandalone target not found
Native extension for WebGL target not found
Refreshing native plugins compatible for Editor in 1.12 ms, found 2 plugins.
Preloading 0 native plugins for Editor in 0.00 ms.
Mono: successfully reloaded assembly
- Completed reload, in  2.026 seconds
Domain Reload Profiling:
	ReloadAssembly (2027ms)
		BeginReloadAssembly (304ms)
			ExecutionOrderSort (0ms)
			DisableScriptedObjects (7ms)
			BackupInstance (0ms)
			ReleaseScriptingObjects (0ms)
			CreateAndSetChildDomain (34ms)
		EndReloadAssembly (1576ms)
			LoadAssemblies (213ms)
			RebuildTransferFunctionScriptingTraits (0ms)
			SetupTypeCache (485ms)
			ReleaseScriptCaches (1ms)
			RebuildScriptCaches (89ms)
			SetupLoadedEditorAssemblies (650ms)
				LogAssemblyErrors (0ms)
				InitializePlatformSupportModulesInManaged (10ms)
				SetLoadedEditorAssemblies (1ms)
				RefreshPlugins (1ms)
				BeforeProcessingInitializeOnLoad (166ms)
				ProcessInitializeOnLoadAttributes (362ms)
				ProcessInitializeOnLoadMethodAttributes (73ms)
				AfterProcessingInitializeOnLoad (37ms)
				EditorAssembliesLoaded (0ms)
			ExecutionOrderSort2 (0ms)
			AwakeInstancesAfterBackupRestoration (10ms)
Platform modules already initialized, skipping
========================================================================
Worker process is ready to serve import requests
Launched and connected shader compiler UnityShaderCompiler.exe after 0.07 seconds
Refreshing native plugins compatible for Editor in 1.42 ms, found 2 plugins.
Preloading 0 native plugins for Editor in 0.00 ms.
Unloading 2110 Unused Serialized files (Serialized files now loaded: 0)
System memory in use before: 86.7 MB.
System memory in use after: 86.8 MB.

Unloading 58 unused Assets to reduce memory usage. Loaded Objects now: 2512.
Total: 7.147600 ms (FindLiveObjects: 0.203800 ms CreateObjectMapping: 0.091200 ms MarkObjects: 6.758200 ms  DeleteObjects: 0.092800 ms)

AssetImportParameters requested are different than current active one (requested -> active):
  custom:framework-win-MediaFoundation: 216162199b28c13a410421893ffa2e32 -> 
  custom:video-decoder-ogg-theora: a1e56fd34408186e4bbccfd4996cb3dc -> 
  custom:container-muxer-webm: aa71ff27fc2769a1b78a27578f13a17b -> 
  custom:container-demuxer-webm: 4f35f7cbe854078d1ac9338744f61a02 -> 
  custom:container-demuxer-ogg: 62fdf1f143b41e24485cea50d1cbac27 -> 
  custom:video-encoder-webm-vp8: eb34c28f22e8b96e1ab97ce403110664 -> 
  custom:video-decoder-webm-vp8: 9c59270c3fd7afecdb556c50c9e8de78 -> 
  custom:audio-decoder-ogg-vorbis: bf7c407c2cedff20999df2af8eb42d56 -> 
  custom:audio-encoder-webm-vorbis: bf7c407c2cedff20999df2af8eb42d56 -> 
========================================================================
Received Import Request.
  path: Assets/Sprites/Toko_Run.png
  artifactKey: Guid(d7159a67a357942ef8404ce06e20db64) Importer(815301076,1909f56bfc062723c751e8b465ee728b)
Start importing Assets/Sprites/Toko_Run.png using Guid(d7159a67a357942ef8404ce06e20db64) Importer(815301076,1909f56bfc062723c751e8b465ee728b)  -> (artifact id: 'c2ff146409425fbcf364cf7a93518560') in 0.215924 seconds 
  Import took 0.239868 seconds .

========================================================================
Received Import Request.
  Time since last request: 0.000270 seconds.
  path: Assets/Sprites/Toko_Jump.png
  artifactKey: Guid(f716f7502ddb743ef982e4d223876d5c) Importer(815301076,1909f56bfc062723c751e8b465ee728b)
Start importing Assets/Sprites/Toko_Jump.png using Guid(f716f7502ddb743ef982e4d223876d5c) Importer(815301076,1909f56bfc062723c751e8b465ee728b)  -> (artifact id: 'faaf45b8a078c24dcfcf37189cc95520') in 0.049974 seconds 
  Import took 0.064439 seconds .

========================================================================
Received Import Request.
  Time since last request: 37.202756 seconds.
  path: Assets/Sprites/Toko_Run.png
  artifactKey: Guid(d7159a67a357942ef8404ce06e20db64) Importer(815301076,1909f56bfc062723c751e8b465ee728b)
Start importing Assets/Sprites/Toko_Run.png using Guid(d7159a67a357942ef8404ce06e20db64) Importer(815301076,1909f56bfc062723c751e8b465ee728b)  -> (artifact id: 'b5c9e898f80380ac39bd0f11863100fb') in 0.011512 seconds 
  Import took 0.018204 seconds .

========================================================================
Received Import Request.
  Time since last request: 33.667108 seconds.
  path: Assets/Sprites/Toko_Run.png
  artifactKey: Guid(d7159a67a357942ef8404ce06e20db64) Importer(815301076,1909f56bfc062723c751e8b465ee728b)
Start importing Assets/Sprites/Toko_Run.png using Guid(d7159a67a357942ef8404ce06e20db64) Importer(815301076,1909f56bfc062723c751e8b465ee728b)  -> (artifact id: '8b14c5b30b9dd55707d3b76502e2f7e4') in 0.048814 seconds 
  Import took 0.060029 seconds .

========================================================================
Received Import Request.
  Time since last request: 3670.493095 seconds.
  path: Assets/Audio/die.wav
  artifactKey: Guid(668a107660fa54fe98e03b698a09aa49) Importer(815301076,1909f56bfc062723c751e8b465ee728b)
Start importing Assets/Audio/die.wav using Guid(668a107660fa54fe98e03b698a09aa49) Importer(815301076,1909f56bfc062723c751e8b465ee728b)  -> (artifact id: '882cd0117fbdc42a50a54328da7c714e') in 0.362667 seconds 
  Import took 0.385949 seconds .

========================================================================
Received Import Request.
  Time since last request: 0.000258 seconds.
  path: Assets/Audio/music.wav
  artifactKey: Guid(4dd43bb437e454be4a5cffc8d1065c21) Importer(815301076,1909f56bfc062723c751e8b465ee728b)
Start importing Assets/Audio/music.wav using Guid(4dd43bb437e454be4a5cffc8d1065c21) Importer(815301076,1909f56bfc062723c751e8b465ee728b)  -> (artifact id: 'd5c4c696b792442298c7c7bbffcbcdcd') in 0.035425 seconds 
  Import took 0.044246 seconds .

========================================================================
Received Import Request.
  Time since last request: 0.000072 seconds.
  path: Assets/Audio/jump.wav
  artifactKey: Guid(7e1e32c51f4da464c97260039524fe15) Importer(815301076,1909f56bfc062723c751e8b465ee728b)
Start importing Assets/Audio/jump.wav using Guid(7e1e32c51f4da464c97260039524fe15) Importer(815301076,1909f56bfc062723c751e8b465ee728b)  -> (artifact id: '1907e327bd8c095fc87846260cace267') in 0.035100 seconds 
  Import took 0.061502 seconds .

========================================================================
Received Import Request.
  Time since last request: 113.020500 seconds.
  path: Assets/Animation.anim
  artifactKey: Guid(2710dbfbdc6da8e4fb5386646b8ce340) Importer(815301076,1909f56bfc062723c751e8b465ee728b)
Start importing Assets/Animation.anim using Guid(2710dbfbdc6da8e4fb5386646b8ce340) Importer(815301076,1909f56bfc062723c751e8b465ee728b)  -> (artifact id: '93a20267c1156e949512cc8b7dd049f6') in 0.008025 seconds 
  Import took 0.026933 seconds .

========================================================================
Received Import Request.
  Time since last request: 4.027329 seconds.
  path: Assets/Player.controller
  artifactKey: Guid(524fc93f02ca7e6439dfe8b8728f60f4) Importer(815301076,1909f56bfc062723c751e8b465ee728b)
Start importing Assets/Player.controller using Guid(524fc93f02ca7e6439dfe8b8728f60f4) Importer(815301076,1909f56bfc062723c751e8b465ee728b)  -> (artifact id: 'cc3b4cd1a11d033e31a50d4339b2f229') in 0.016759 seconds 
  Import took 0.020787 seconds .

========================================================================
Received Import Request.
  Time since last request: 2.813530 seconds.
  path: Assets
  artifactKey: Guid(00000000000000001000000000000000) Importer(815301076,1909f56bfc062723c751e8b465ee728b)
Start importing Assets using Guid(00000000000000001000000000000000) Importer(815301076,1909f56bfc062723c751e8b465ee728b)  -> (artifact id: '42d402b061de3733987d63b9cc3b64de') in 0.002171 seconds 
  Import took 0.026168 seconds .

========================================================================
Received Import Request.
  Time since last request: 10.567784 seconds.
  path: Assets/Animations
  artifactKey: Guid(d8bb0c1c63a6e2842aa5331981428b9f) Importer(815301076,1909f56bfc062723c751e8b465ee728b)
Start importing Assets/Animations using Guid(d8bb0c1c63a6e2842aa5331981428b9f) Importer(815301076,1909f56bfc062723c751e8b465ee728b)  -> (artifact id: '600af0151afd8199a04de69b042c69f7') in 0.004358 seconds 
  Import took 0.010063 seconds .

========================================================================
Received Import Request.
  Time since last request: 272.982405 seconds.
  path: Assets/Animations/Player.controller
  artifactKey: Guid(01168e34bb4ecd84f89e0974d09dc2af) Importer(815301076,1909f56bfc062723c751e8b465ee728b)
Start importing Assets/Animations/Player.controller using Guid(01168e34bb4ecd84f89e0974d09dc2af) Importer(815301076,1909f56bfc062723c751e8b465ee728b)  -> (artifact id: '04debc176b480ad6ec9dbfc7c4af40f0') in 0.003347 seconds 
  Import took 0.028506 seconds .

========================================================================
Received Import Request.
  Time since last request: 5.067666 seconds.
  path: Assets/Animations/Run.anim
  artifactKey: Guid(692ac51272be6bb4a9c164c7aca951d6) Importer(815301076,1909f56bfc062723c751e8b465ee728b)
Start importing Assets/Animations/Run.anim using Guid(692ac51272be6bb4a9c164c7aca951d6) Importer(815301076,1909f56bfc062723c751e8b465ee728b)  -> (artifact id: '1c8c7a2e8df8602655059a0c6445a3cc') in 0.003354 seconds 
  Import took 0.023624 seconds .

========================================================================
Received Import Request.
  Time since last request: 197.223961 seconds.
  path: Assets/Sprites/Toko_Die.png
  artifactKey: Guid(5b9cf154823f6440b9c40d54c5d1bdad) Importer(815301076,1909f56bfc062723c751e8b465ee728b)
Start importing Assets/Sprites/Toko_Die.png using Guid(5b9cf154823f6440b9c40d54c5d1bdad) Importer(815301076,1909f56bfc062723c751e8b465ee728b)  -> (artifact id: 'bcf3e382b7caf2ebfc30a3d6d6bc22e7') in 0.055437 seconds 
  Import took 0.065989 seconds .

========================================================================
Received Import Request.
  Time since last request: 26.150401 seconds.
  path: Assets/Animations/Die.anim
  artifactKey: Guid(1e8840af16ab0e64eaf7efc5b8ada0f5) Importer(815301076,1909f56bfc062723c751e8b465ee728b)
Start importing Assets/Animations/Die.anim using Guid(1e8840af16ab0e64eaf7efc5b8ada0f5) Importer(815301076,1909f56bfc062723c751e8b465ee728b)  -> (artifact id: 'c0bc095f326edddf3262012d4b1c533f') in 0.003942 seconds 
  Import took 0.015101 seconds .

========================================================================
Received Import Request.
  Time since last request: 478.458407 seconds.
  path: Assets/Pixel Adventure 1/Assets
  artifactKey: Guid(e7fabf8f9d1b6f6499883b9c8ad15b65) Importer(815301076,1909f56bfc062723c751e8b465ee728b)
Start importing Assets/Pixel Adventure 1/Assets using Guid(e7fabf8f9d1b6f6499883b9c8ad15b65) Importer(815301076,1909f56bfc062723c751e8b465ee728b)  -> (artifact id: '1e7538a39be8e0bfd3108565dfc139fc') in 0.005475 seconds 
  Import took 0.024787 seconds .

========================================================================
Received Import Request.
  Time since last request: 0.704783 seconds.
  path: Assets/Pixel Adventure 1/Assets/Main Characters
  artifactKey: Guid(c674b6697fb2a834d9379dc2411ddde1) Importer(815301076,1909f56bfc062723c751e8b465ee728b)
Start importing Assets/Pixel Adventure 1/Assets/Main Characters using Guid(c674b6697fb2a834d9379dc2411ddde1) Importer(815301076,1909f56bfc062723c751e8b465ee728b)  -> (artifact id: '39cd5f1943d1399b359470b1d0eb9e2c') in 0.002818 seconds 
  Import took 0.016634 seconds .

========================================================================
Received Import Request.
  Time since last request: 0.570615 seconds.
  path: Assets/Pixel Adventure 1/Assets/Main Characters/Virtual Guy
  artifactKey: Guid(5ef42789be2506f4893c4622d915911d) Importer(815301076,1909f56bfc062723c751e8b465ee728b)
Start importing Assets/Pixel Adventure 1/Assets/Main Characters/Virtual Guy using Guid(5ef42789be2506f4893c4622d915911d) Importer(815301076,1909f56bfc062723c751e8b465ee728b)  -> (artifact id: '6625d3c3d15f90c89268d6715a9079cf') in 0.007583 seconds 
  Import took 0.012821 seconds .

========================================================================
Received Import Request.
  Time since last request: 10.517590 seconds.
  path: Assets/Pixel Adventure 1/Assets/Main Characters/Virtual Guy/Run (32x32).png
  artifactKey: Guid(552146dbb8bac6f449493bca4b69540f) Importer(815301076,1909f56bfc062723c751e8b465ee728b)
Start importing Assets/Pixel Adventure 1/Assets/Main Characters/Virtual Guy/Run (32x32).png using Guid(552146dbb8bac6f449493bca4b69540f) Importer(815301076,1909f56bfc062723c751e8b465ee728b)  -> (artifact id: '2f8526e025fc12025dc2d9a369bf2017') in 0.080958 seconds 
  Import took 0.107799 seconds .

========================================================================
Received Import Request.
  Time since last request: 75.826588 seconds.
  path: Assets/Pixel Adventure 1/Assets/Main Characters/Virtual Guy/Run (32x32).png
  artifactKey: Guid(552146dbb8bac6f449493bca4b69540f) Importer(815301076,1909f56bfc062723c751e8b465ee728b)
Start importing Assets/Pixel Adventure 1/Assets/Main Characters/Virtual Guy/Run (32x32).png using Guid(552146dbb8bac6f449493bca4b69540f) Importer(815301076,1909f56bfc062723c751e8b465ee728b)  -> (artifact id: '1a1a59e91e4e8fc28edc401d4e40226b') in 0.020483 seconds 
  Import took 0.030716 seconds .

========================================================================
Received Import Request.
  Time since last request: 120.710478 seconds.
  path: Assets/Pixel Adventure 1/Assets/Main Characters/Virtual Guy/Run (32x32).png
  artifactKey: Guid(552146dbb8bac6f449493bca4b69540f) Importer(815301076,1909f56bfc062723c751e8b465ee728b)
Start importing Assets/Pixel Adventure 1/Assets/Main Characters/Virtual Guy/Run (32x32).png using Guid(552146dbb8bac6f449493bca4b69540f) Importer(815301076,1909f56bfc062723c751e8b465ee728b)  -> (artifact id: '332b3bb45b3b538d0e3e76d1830418ad') in 0.060782 seconds 
  Import took 0.065730 seconds .

AssetImportWorkerClient::OnTransportError - code=2 error=End of file
